    1  docker stop centos7
    2  ls -a
    3  ls -l
    4  ls /
    5  ls /usr
    6  pwd
    7  cd /root
    8  pwd
    9  cd -
   10  pwd
   11  cd /root
   12  cd usr
   13  /usr
   14  cd /usr
   15  pwd
   16  cd /home
   17  mkdir test1
   18  ls
   19  cd /home
   20  mkdir -p test2/test3
   21  ls test2
   22  ls
   23  touch test1/index.php
   24  ls test1
   25  cd /home/test1 && ls
   26  cp index.php copy.php
   27  ls
   28  cd /home
   29  cp -r test1 test4
   30  ls
   31  ls test4
   32  mv test2/test3 test3
   33  ls
   34  mv test4 test1_copy
   35  ls
   36  ls test1
   37  rm test1/copy.php
   38  ls test1
   39  ls
   40  rm -r test3
   41  ls
   42  rm test1_copy/*.php
   43  ls test1_copy
   44  ls
   45  ls test1
   46  ls
   47  ls test1_copy
   48  ls test2
   49  cat README .md
   50  cd /home
   51  echo '# Hello World' > README ,md
   52  cat README .md
   53  cat README.md
   54  echo '# Hello World' > README.md
   55  cat README.md
   56  echo '# Server Lesson' > README.md
   57  cat README.md
   58  echo 'Linux Practice' >> README.md
   59  echo '-----------------' >> README.md
   60  cat README.md
   61  ls
   62  rm README
   63  LS
   64  ls
   65  vi README.md
   66  vi README.md
   67  vi README.md
   68  cd /root
   69  mkdir server_lesson && cd server_lesson
   70  yum update -y && install git
   71  git version
   72  install --help
   73  open git
   74  app open git
   75  touch first.txt
   76  ls
   77  mkdir linux_practice1
   78  ls
   79  /root/server_lesson/linux_practice1 mkdir public
   80  cd linux_practice1
   81  mkdir public && cd
   82  ls
   83  cd public
   84  cd server_lesson/linux_practice1
   85  cd public
   86  mkdir index.php
   87  ls
   88  cp index.php index_bk.php
   89  rm index.php
   90  cd ./
   91  cd ..
   92  rm public
   93  cd public
   94  rm -r index.php
   95  touch index.php
   96  ls
   97  cp index.php index_bk.php
   98  ls
   99  cp -r public tmp
  100  cd ..
  101  cq -r public tmp
  102  cp -r public tmp
  103  ls
  104  cd tmp
  105  ls
  106  cd ..
  107  ls tmp
  108  docker ps
  109  exit
  110  git version
  111  cd /root
  112  ls
  113  cd server_lesson
  114  yum update -y && yum -y install git
  115  git version
  116  ls
  117  rm first.txt
  118  rm -r linux_practice1
  119  ls
  120  git verson
  121  git version
  122  git init
  123  touch first.txt
  124  ls
  125  git status
  126  git add .
  127  git status
  128  git commit -m 'ã—ä¸‹ã'ä¸‹æ'first commit'
  129  git add .;
  130  git status
  131  git commit -m 'first commit';
  132  git branch
  133  ls
  134  git status
  135  git remote add origin https://github.com/joe-saito/server_lesson.git
  136  git remote -v
  137  git status
  138  git commit -m 'first commit'
  139  git push origin master
  140  git push origin master
  141  git config --global user.name joe-saito
  142  git config --global user.email saito7709@gmail.com
  143  git push origin master
  144  git push origin master
  145  git status
  146  git log
  147  git commit -m 'first commit'
  148  git status
  149  git push origin master
  150  git push origin master
  151  git push origin master
  152  ls
  153  mkdir linux_practice1
  154  ls
  155  cd linux_practice1
  156  mkdir public && cd
  157  ls
  158  cd server_lesson/
  159  cd linux_practice1/
  160  cd public/
  161  touch index.php
  162  ls
  163  cp index.php index_bk.php
  164  ls
  165  cd ..
  166  cp -r public tmp
  167  ls
  168  cd tmp/
  169  rm index_bk.php
  170  ls
  171  cd ..
  172  cd .
  173  cd ..
  174  touch README.md
  175  ls
  176  vi README.md
  177  vi ~/.vimrc
  178  ls
  179  vi README.md 
  180  vi README.md 
  181  ls
  182  git status
  183  git add .
  184  git status
  185  git commit -m 'ç·´ç¿’ã‚‚å•é¡Œ1å®Œäº†'
  186  git status
  187  mkdir linux_practice2 cd linux_practice2
  188  ls
  189  cd linux_practice2/
  190  mkdir documents && cd documents
  191  touch gizumo{01..50}.md
  192  ls
  193  cd ..
  194  mkdir trash
  195  ls
  196  mv documents/gizumo{20..40}.md trash
  197  ls
  198  ls trash
  199  touch .gitignore
  200  ls
  201  ls trash
  202  ls
  203  vi .gitignore
  204  cd ..
  205  cd linux_practice2/
  206  history 300 > exec_command.log
